<?xml version="1.0" encoding="UTF-8" ?>
<testsuite tests="7" failures="0" name="nss.buggyproject.TestDummy" time="0.012" errors="6" skipped="0">
  <properties>
[...]
</properties>
  <testcase classname="TestDummy" name="First Test" time="0.006">
    <error message="Unresolved compilation problems: 
	The import com.microsoft cannot be resolved
	SQLServerStatementColumnEncryptionSetting cannot be resolved to a variable
	SQLServerStatementColumnEncryptionSetting cannot be resolved to a variable
	SQLServerStatementColumnEncryptionSetting cannot be resolved to a variable
	SQLServerStatementColumnEncryptionSetting cannot be resolved to a variable
	SQLServerStatementColumnEncryptionSetting cannot be resolved to a variable
	SQLServerStatementColumnEncryptionSetting cannot be resolved to a variable
	SQLServerStatementColumnEncryptionSetting cannot be resolved to a variable
	SQLServerStatementColumnEncryptionSetting cannot be resolved to a variable
" type="java.lang.Error">java.lang.Error: Unresolved compilation problems: 
	The import com.microsoft cannot be resolved
	SQLServerStatementColumnEncryptionSetting cannot be resolved to a variable
	SQLServerStatementColumnEncryptionSetting cannot be resolved to a variable
	SQLServerStatementColumnEncryptionSetting cannot be resolved to a variable
	SQLServerStatementColumnEncryptionSetting cannot be resolved to a variable
	SQLServerStatementColumnEncryptionSetting cannot be resolved to a variable
	SQLServerStatementColumnEncryptionSetting cannot be resolved to a variable
	SQLServerStatementColumnEncryptionSetting cannot be resolved to a variable
	SQLServerStatementColumnEncryptionSetting cannot be resolved to a variable

	at nss.buggyproject.TestDummy.&lt;init&gt;(TestDummy.java:21)
	at sun.reflect.NativeConstructorAccessorImpl.newInstance0(Native Method)
	at sun.reflect.NativeConstructorAccessorImpl.newInstance(NativeConstructorAccessorImpl.java:62)
	at sun.reflect.DelegatingConstructorAccessorImpl.newInstance(DelegatingConstructorAccessorImpl.java:45)
	at java.lang.reflect.Constructor.newInstance(Constructor.java:423)
	at org.junit.platform.commons.util.ReflectionUtils.newInstance(ReflectionUtils.java:226)
	at org.junit.jupiter.engine.execution.ExecutableInvoker.invoke(ExecutableInvoker.java:59)
	at org.junit.jupiter.engine.descriptor.ClassTestDescriptor.lambda$testInstanceProvider$0(ClassTestDescriptor.java:185)
	at org.junit.jupiter.engine.descriptor.MethodTestDescriptor.prepare(MethodTestDescriptor.java:120)
	at org.junit.jupiter.engine.descriptor.MethodTestDescriptor.prepare(MethodTestDescriptor.java:63)
	at org.junit.platform.engine.support.hierarchical.HierarchicalTestExecutor.execute(HierarchicalTestExecutor.java:59)
	at org.junit.platform.engine.support.hierarchical.HierarchicalTestExecutor.lambda$execute$0(HierarchicalTestExecutor.java:88)
	at org.junit.platform.engine.support.hierarchical.SingleTestExecutor.executeSafely(SingleTestExecutor.java:66)
	at org.junit.platform.engine.support.hierarchical.HierarchicalTestExecutor.execute(HierarchicalTestExecutor.java:77)
	at org.junit.platform.engine.support.hierarchical.HierarchicalTestExecutor.lambda$execute$0(HierarchicalTestExecutor.java:88)
	at org.junit.platform.engine.support.hierarchical.SingleTestExecutor.executeSafely(SingleTestExecutor.java:66)
	at org.junit.platform.engine.support.hierarchical.HierarchicalTestExecutor.execute(HierarchicalTestExecutor.java:77)
	at org.junit.platform.engine.support.hierarchical.HierarchicalTestExecutor.execute(HierarchicalTestExecutor.java:51)
	at org.junit.platform.engine.support.hierarchical.HierarchicalTestEngine.execute(HierarchicalTestEngine.java:43)
	at org.junit.platform.launcher.core.DefaultLauncher.execute(DefaultLauncher.java:124)
	at org.junit.platform.launcher.core.DefaultLauncher.execute(DefaultLauncher.java:84)
	at org.junit.platform.runner.JUnitPlatform.run(JUnitPlatform.java:108)
	at org.apache.maven.surefire.junit4.JUnit4Provider.execute(JUnit4Provider.java:252)
	at org.apache.maven.surefire.junit4.JUnit4Provider.executeTestSet(JUnit4Provider.java:141)
	at org.apache.maven.surefire.junit4.JUnit4Provider.invoke(JUnit4Provider.java:112)
	at sun.reflect.NativeMethodAccessorImpl.invoke0(Native Method)
	at sun.reflect.NativeMethodAccessorImpl.invoke(NativeMethodAccessorImpl.java:62)
	at sun.reflect.DelegatingMethodAccessorImpl.invoke(DelegatingMethodAccessorImpl.java:43)
	at java.lang.reflect.Method.invoke(Method.java:498)
	at org.apache.maven.surefire.util.ReflectionUtils.invokeMethodWithArray(ReflectionUtils.java:189)
	at org.apache.maven.surefire.booter.ProviderFactory$ProviderProxy.invoke(ProviderFactory.java:165)
	at org.apache.maven.surefire.booter.ProviderFactory.invokeProvider(ProviderFactory.java:85)
	at org.apache.maven.surefire.booter.ForkedBooter.runSuitesInProcess(ForkedBooter.java:115)
	at org.apache.maven.surefire.booter.ForkedBooter.main(ForkedBooter.java:75)
</error>
    <system-err>Oct 28, 2016 9:36:14 AM org.junit.platform.launcher.core.ServiceLoaderTestEngineRegistry loadTestEngines
INFO: Discovered TestEngines with IDs: [junit-jupiter, junit-vintage]
</system-err>
  </testcase>
  <testcase classname="TestDummy" name="printCombination()" time="0">
    <error message="Unresolved compilation problems: 
	The import com.microsoft cannot be resolved
	SQLServerStatementColumnEncryptionSetting cannot be resolved to a variable
	SQLServerStatementColumnEncryptionSetting cannot be resolved to a variable
	SQLServerStatementColumnEncryptionSetting cannot be resolved to a variable
	SQLServerStatementColumnEncryptionSetting cannot be resolved to a variable
	SQLServerStatementColumnEncryptionSetting cannot be resolved to a variable
	SQLServerStatementColumnEncryptionSetting cannot be resolved to a variable
	SQLServerStatementColumnEncryptionSetting cannot be resolved to a variable
	SQLServerStatementColumnEncryptionSetting cannot be resolved to a variable
" type="java.lang.Error">java.lang.Error: Unresolved compilation problems: 
	The import com.microsoft cannot be resolved
	SQLServerStatementColumnEncryptionSetting cannot be resolved to a variable
	SQLServerStatementColumnEncryptionSetting cannot be resolved to a variable
	SQLServerStatementColumnEncryptionSetting cannot be resolved to a variable
	SQLServerStatementColumnEncryptionSetting cannot be resolved to a variable
	SQLServerStatementColumnEncryptionSetting cannot be resolved to a variable
	SQLServerStatementColumnEncryptionSetting cannot be resolved to a variable
	SQLServerStatementColumnEncryptionSetting cannot be resolved to a variable
	SQLServerStatementColumnEncryptionSetting cannot be resolved to a variable

	at nss.buggyproject.TestDummy.&lt;init&gt;(TestDummy.java:21)
	at sun.reflect.NativeConstructorAccessorImpl.newInstance0(Native Method)
	at sun.reflect.NativeConstructorAccessorImpl.newInstance(NativeConstructorAccessorImpl.java:62)
	at sun.reflect.DelegatingConstructorAccessorImpl.newInstance(DelegatingConstructorAccessorImpl.java:45)
	at java.lang.reflect.Constructor.newInstance(Constructor.java:423)
	at org.junit.platform.commons.util.ReflectionUtils.newInstance(ReflectionUtils.java:226)
	at org.junit.jupiter.engine.execution.ExecutableInvoker.invoke(ExecutableInvoker.java:59)
	at org.junit.jupiter.engine.descriptor.ClassTestDescriptor.lambda$testInstanceProvider$0(ClassTestDescriptor.java:185)
	at org.junit.jupiter.engine.descriptor.MethodTestDescriptor.prepare(MethodTestDescriptor.java:120)
	at org.junit.jupiter.engine.descriptor.MethodTestDescriptor.prepare(MethodTestDescriptor.java:63)
	at org.junit.platform.engine.support.hierarchical.HierarchicalTestExecutor.execute(HierarchicalTestExecutor.java:59)
	at org.junit.platform.engine.support.hierarchical.HierarchicalTestExecutor.lambda$execute$0(HierarchicalTestExecutor.java:88)
	at org.junit.platform.engine.support.hierarchical.SingleTestExecutor.executeSafely(SingleTestExecutor.java:66)
	at org.junit.platform.engine.support.hierarchical.HierarchicalTestExecutor.execute(HierarchicalTestExecutor.java:77)
	at org.junit.platform.engine.support.hierarchical.HierarchicalTestExecutor.lambda$execute$0(HierarchicalTestExecutor.java:88)
	at org.junit.platform.engine.support.hierarchical.SingleTestExecutor.executeSafely(SingleTestExecutor.java:66)
	at org.junit.platform.engine.support.hierarchical.HierarchicalTestExecutor.execute(HierarchicalTestExecutor.java:77)
	at org.junit.platform.engine.support.hierarchical.HierarchicalTestExecutor.execute(HierarchicalTestExecutor.java:51)
	at org.junit.platform.engine.support.hierarchical.HierarchicalTestEngine.execute(HierarchicalTestEngine.java:43)
	at org.junit.platform.launcher.core.DefaultLauncher.execute(DefaultLauncher.java:124)
	at org.junit.platform.launcher.core.DefaultLauncher.execute(DefaultLauncher.java:84)
	at org.junit.platform.runner.JUnitPlatform.run(JUnitPlatform.java:108)
	at org.apache.maven.surefire.junit4.JUnit4Provider.execute(JUnit4Provider.java:252)
	at org.apache.maven.surefire.junit4.JUnit4Provider.executeTestSet(JUnit4Provider.java:141)
	at org.apache.maven.surefire.junit4.JUnit4Provider.invoke(JUnit4Provider.java:112)
	at sun.reflect.NativeMethodAccessorImpl.invoke0(Native Method)
	at sun.reflect.NativeMethodAccessorImpl.invoke(NativeMethodAccessorImpl.java:62)
	at sun.reflect.DelegatingMethodAccessorImpl.invoke(DelegatingMethodAccessorImpl.java:43)
	at java.lang.reflect.Method.invoke(Method.java:498)
	at org.apache.maven.surefire.util.ReflectionUtils.invokeMethodWithArray(ReflectionUtils.java:189)
	at org.apache.maven.surefire.booter.ProviderFactory$ProviderProxy.invoke(ProviderFactory.java:165)
	at org.apache.maven.surefire.booter.ProviderFactory.invokeProvider(ProviderFactory.java:85)
	at org.apache.maven.surefire.booter.ForkedBooter.runSuitesInProcess(ForkedBooter.java:115)
	at org.apache.maven.surefire.booter.ForkedBooter.main(ForkedBooter.java:75)
</error>
  </testcase>
  <testcase classname="TestDummy" name="testOnlyOnDeveloperWorkstation()" time="0.001">
    <error message="Unresolved compilation problems: 
	The import com.microsoft cannot be resolved
	SQLServerStatementColumnEncryptionSetting cannot be resolved to a variable
	SQLServerStatementColumnEncryptionSetting cannot be resolved to a variable
	SQLServerStatementColumnEncryptionSetting cannot be resolved to a variable
	SQLServerStatementColumnEncryptionSetting cannot be resolved to a variable
	SQLServerStatementColumnEncryptionSetting cannot be resolved to a variable
	SQLServerStatementColumnEncryptionSetting cannot be resolved to a variable
	SQLServerStatementColumnEncryptionSetting cannot be resolved to a variable
	SQLServerStatementColumnEncryptionSetting cannot be resolved to a variable
" type="java.lang.Error">java.lang.Error: Unresolved compilation problems: 
	The import com.microsoft cannot be resolved
	SQLServerStatementColumnEncryptionSetting cannot be resolved to a variable
	SQLServerStatementColumnEncryptionSetting cannot be resolved to a variable
	SQLServerStatementColumnEncryptionSetting cannot be resolved to a variable
	SQLServerStatementColumnEncryptionSetting cannot be resolved to a variable
	SQLServerStatementColumnEncryptionSetting cannot be resolved to a variable
	SQLServerStatementColumnEncryptionSetting cannot be resolved to a variable
	SQLServerStatementColumnEncryptionSetting cannot be resolved to a variable
	SQLServerStatementColumnEncryptionSetting cannot be resolved to a variable

	at nss.buggyproject.TestDummy.&lt;init&gt;(TestDummy.java:21)
	at sun.reflect.NativeConstructorAccessorImpl.newInstance0(Native Method)
	at sun.reflect.NativeConstructorAccessorImpl.newInstance(NativeConstructorAccessorImpl.java:62)
	at sun.reflect.DelegatingConstructorAccessorImpl.newInstance(DelegatingConstructorAccessorImpl.java:45)
	at java.lang.reflect.Constructor.newInstance(Constructor.java:423)
	at org.junit.platform.commons.util.ReflectionUtils.newInstance(ReflectionUtils.java:226)
	at org.junit.jupiter.engine.execution.ExecutableInvoker.invoke(ExecutableInvoker.java:59)
	at org.junit.jupiter.engine.descriptor.ClassTestDescriptor.lambda$testInstanceProvider$0(ClassTestDescriptor.java:185)
	at org.junit.jupiter.engine.descriptor.MethodTestDescriptor.prepare(MethodTestDescriptor.java:120)
	at org.junit.jupiter.engine.descriptor.MethodTestDescriptor.prepare(MethodTestDescriptor.java:63)
	at org.junit.platform.engine.support.hierarchical.HierarchicalTestExecutor.execute(HierarchicalTestExecutor.java:59)
	at org.junit.platform.engine.support.hierarchical.HierarchicalTestExecutor.lambda$execute$0(HierarchicalTestExecutor.java:88)
	at org.junit.platform.engine.support.hierarchical.SingleTestExecutor.executeSafely(SingleTestExecutor.java:66)
	at org.junit.platform.engine.support.hierarchical.HierarchicalTestExecutor.execute(HierarchicalTestExecutor.java:77)
	at org.junit.platform.engine.support.hierarchical.HierarchicalTestExecutor.lambda$execute$0(HierarchicalTestExecutor.java:88)
	at org.junit.platform.engine.support.hierarchical.SingleTestExecutor.executeSafely(SingleTestExecutor.java:66)
	at org.junit.platform.engine.support.hierarchical.HierarchicalTestExecutor.execute(HierarchicalTestExecutor.java:77)
	at org.junit.platform.engine.support.hierarchical.HierarchicalTestExecutor.execute(HierarchicalTestExecutor.java:51)
	at org.junit.platform.engine.support.hierarchical.HierarchicalTestEngine.execute(HierarchicalTestEngine.java:43)
	at org.junit.platform.launcher.core.DefaultLauncher.execute(DefaultLauncher.java:124)
	at org.junit.platform.launcher.core.DefaultLauncher.execute(DefaultLauncher.java:84)
	at org.junit.platform.runner.JUnitPlatform.run(JUnitPlatform.java:108)
	at org.apache.maven.surefire.junit4.JUnit4Provider.execute(JUnit4Provider.java:252)
	at org.apache.maven.surefire.junit4.JUnit4Provider.executeTestSet(JUnit4Provider.java:141)
	at org.apache.maven.surefire.junit4.JUnit4Provider.invoke(JUnit4Provider.java:112)
	at sun.reflect.NativeMethodAccessorImpl.invoke0(Native Method)
	at sun.reflect.NativeMethodAccessorImpl.invoke(NativeMethodAccessorImpl.java:62)
	at sun.reflect.DelegatingMethodAccessorImpl.invoke(DelegatingMethodAccessorImpl.java:43)
	at java.lang.reflect.Method.invoke(Method.java:498)
	at org.apache.maven.surefire.util.ReflectionUtils.invokeMethodWithArray(ReflectionUtils.java:189)
	at org.apache.maven.surefire.booter.ProviderFactory$ProviderProxy.invoke(ProviderFactory.java:165)
	at org.apache.maven.surefire.booter.ProviderFactory.invokeProvider(ProviderFactory.java:85)
	at org.apache.maven.surefire.booter.ForkedBooter.runSuitesInProcess(ForkedBooter.java:115)
	at org.apache.maven.surefire.booter.ForkedBooter.main(ForkedBooter.java:75)
</error>
  </testcase>
  <testcase classname="TestDummy" name="testInAllEnvironments()" time="0.001">
    <error message="Unresolved compilation problems: 
	The import com.microsoft cannot be resolved
	SQLServerStatementColumnEncryptionSetting cannot be resolved to a variable
	SQLServerStatementColumnEncryptionSetting cannot be resolved to a variable
	SQLServerStatementColumnEncryptionSetting cannot be resolved to a variable
	SQLServerStatementColumnEncryptionSetting cannot be resolved to a variable
	SQLServerStatementColumnEncryptionSetting cannot be resolved to a variable
	SQLServerStatementColumnEncryptionSetting cannot be resolved to a variable
	SQLServerStatementColumnEncryptionSetting cannot be resolved to a variable
	SQLServerStatementColumnEncryptionSetting cannot be resolved to a variable
" type="java.lang.Error">java.lang.Error: Unresolved compilation problems: 
	The import com.microsoft cannot be resolved
	SQLServerStatementColumnEncryptionSetting cannot be resolved to a variable
	SQLServerStatementColumnEncryptionSetting cannot be resolved to a variable
	SQLServerStatementColumnEncryptionSetting cannot be resolved to a variable
	SQLServerStatementColumnEncryptionSetting cannot be resolved to a variable
	SQLServerStatementColumnEncryptionSetting cannot be resolved to a variable
	SQLServerStatementColumnEncryptionSetting cannot be resolved to a variable
	SQLServerStatementColumnEncryptionSetting cannot be resolved to a variable
	SQLServerStatementColumnEncryptionSetting cannot be resolved to a variable

	at nss.buggyproject.TestDummy.&lt;init&gt;(TestDummy.java:21)
	at sun.reflect.NativeConstructorAccessorImpl.newInstance0(Native Method)
	at sun.reflect.NativeConstructorAccessorImpl.newInstance(NativeConstructorAccessorImpl.java:62)
	at sun.reflect.DelegatingConstructorAccessorImpl.newInstance(DelegatingConstructorAccessorImpl.java:45)
	at java.lang.reflect.Constructor.newInstance(Constructor.java:423)
	at org.junit.platform.commons.util.ReflectionUtils.newInstance(ReflectionUtils.java:226)
	at org.junit.jupiter.engine.execution.ExecutableInvoker.invoke(ExecutableInvoker.java:59)
	at org.junit.jupiter.engine.descriptor.ClassTestDescriptor.lambda$testInstanceProvider$0(ClassTestDescriptor.java:185)
	at org.junit.jupiter.engine.descriptor.MethodTestDescriptor.prepare(MethodTestDescriptor.java:120)
	at org.junit.jupiter.engine.descriptor.MethodTestDescriptor.prepare(MethodTestDescriptor.java:63)
	at org.junit.platform.engine.support.hierarchical.HierarchicalTestExecutor.execute(HierarchicalTestExecutor.java:59)
	at org.junit.platform.engine.support.hierarchical.HierarchicalTestExecutor.lambda$execute$0(HierarchicalTestExecutor.java:88)
	at org.junit.platform.engine.support.hierarchical.SingleTestExecutor.executeSafely(SingleTestExecutor.java:66)
	at org.junit.platform.engine.support.hierarchical.HierarchicalTestExecutor.execute(HierarchicalTestExecutor.java:77)
	at org.junit.platform.engine.support.hierarchical.HierarchicalTestExecutor.lambda$execute$0(HierarchicalTestExecutor.java:88)
	at org.junit.platform.engine.support.hierarchical.SingleTestExecutor.executeSafely(SingleTestExecutor.java:66)
	at org.junit.platform.engine.support.hierarchical.HierarchicalTestExecutor.execute(HierarchicalTestExecutor.java:77)
	at org.junit.platform.engine.support.hierarchical.HierarchicalTestExecutor.execute(HierarchicalTestExecutor.java:51)
	at org.junit.platform.engine.support.hierarchical.HierarchicalTestEngine.execute(HierarchicalTestEngine.java:43)
	at org.junit.platform.launcher.core.DefaultLauncher.execute(DefaultLauncher.java:124)
	at org.junit.platform.launcher.core.DefaultLauncher.execute(DefaultLauncher.java:84)
	at org.junit.platform.runner.JUnitPlatform.run(JUnitPlatform.java:108)
	at org.apache.maven.surefire.junit4.JUnit4Provider.execute(JUnit4Provider.java:252)
	at org.apache.maven.surefire.junit4.JUnit4Provider.executeTestSet(JUnit4Provider.java:141)
	at org.apache.maven.surefire.junit4.JUnit4Provider.invoke(JUnit4Provider.java:112)
	at sun.reflect.NativeMethodAccessorImpl.invoke0(Native Method)
	at sun.reflect.NativeMethodAccessorImpl.invoke(NativeMethodAccessorImpl.java:62)
	at sun.reflect.DelegatingMethodAccessorImpl.invoke(DelegatingMethodAccessorImpl.java:43)
	at java.lang.reflect.Method.invoke(Method.java:498)
	at org.apache.maven.surefire.util.ReflectionUtils.invokeMethodWithArray(ReflectionUtils.java:189)
	at org.apache.maven.surefire.booter.ProviderFactory$ProviderProxy.invoke(ProviderFactory.java:165)
	at org.apache.maven.surefire.booter.ProviderFactory.invokeProvider(ProviderFactory.java:85)
	at org.apache.maven.surefire.booter.ForkedBooter.runSuitesInProcess(ForkedBooter.java:115)
	at org.apache.maven.surefire.booter.ForkedBooter.main(ForkedBooter.java:75)
</error>
  </testcase>
  <testcase classname="TestDummy" name="testGetStringLengthSimpleTest()" time="0.001">
    <error message="Unresolved compilation problems: 
	The import com.microsoft cannot be resolved
	SQLServerStatementColumnEncryptionSetting cannot be resolved to a variable
	SQLServerStatementColumnEncryptionSetting cannot be resolved to a variable
	SQLServerStatementColumnEncryptionSetting cannot be resolved to a variable
	SQLServerStatementColumnEncryptionSetting cannot be resolved to a variable
	SQLServerStatementColumnEncryptionSetting cannot be resolved to a variable
	SQLServerStatementColumnEncryptionSetting cannot be resolved to a variable
	SQLServerStatementColumnEncryptionSetting cannot be resolved to a variable
	SQLServerStatementColumnEncryptionSetting cannot be resolved to a variable
" type="java.lang.Error">java.lang.Error: Unresolved compilation problems: 
	The import com.microsoft cannot be resolved
	SQLServerStatementColumnEncryptionSetting cannot be resolved to a variable
	SQLServerStatementColumnEncryptionSetting cannot be resolved to a variable
	SQLServerStatementColumnEncryptionSetting cannot be resolved to a variable
	SQLServerStatementColumnEncryptionSetting cannot be resolved to a variable
	SQLServerStatementColumnEncryptionSetting cannot be resolved to a variable
	SQLServerStatementColumnEncryptionSetting cannot be resolved to a variable
	SQLServerStatementColumnEncryptionSetting cannot be resolved to a variable
	SQLServerStatementColumnEncryptionSetting cannot be resolved to a variable

	at nss.buggyproject.TestDummy.&lt;init&gt;(TestDummy.java:21)
	at sun.reflect.NativeConstructorAccessorImpl.newInstance0(Native Method)
	at sun.reflect.NativeConstructorAccessorImpl.newInstance(NativeConstructorAccessorImpl.java:62)
	at sun.reflect.DelegatingConstructorAccessorImpl.newInstance(DelegatingConstructorAccessorImpl.java:45)
	at java.lang.reflect.Constructor.newInstance(Constructor.java:423)
	at org.junit.platform.commons.util.ReflectionUtils.newInstance(ReflectionUtils.java:226)
	at org.junit.jupiter.engine.execution.ExecutableInvoker.invoke(ExecutableInvoker.java:59)
	at org.junit.jupiter.engine.descriptor.ClassTestDescriptor.lambda$testInstanceProvider$0(ClassTestDescriptor.java:185)
	at org.junit.jupiter.engine.descriptor.MethodTestDescriptor.prepare(MethodTestDescriptor.java:120)
	at org.junit.jupiter.engine.descriptor.MethodTestDescriptor.prepare(MethodTestDescriptor.java:63)
	at org.junit.platform.engine.support.hierarchical.HierarchicalTestExecutor.execute(HierarchicalTestExecutor.java:59)
	at org.junit.platform.engine.support.hierarchical.HierarchicalTestExecutor.lambda$execute$0(HierarchicalTestExecutor.java:88)
	at org.junit.platform.engine.support.hierarchical.SingleTestExecutor.executeSafely(SingleTestExecutor.java:66)
	at org.junit.platform.engine.support.hierarchical.HierarchicalTestExecutor.execute(HierarchicalTestExecutor.java:77)
	at org.junit.platform.engine.support.hierarchical.HierarchicalTestExecutor.lambda$execute$0(HierarchicalTestExecutor.java:88)
	at org.junit.platform.engine.support.hierarchical.SingleTestExecutor.executeSafely(SingleTestExecutor.java:66)
	at org.junit.platform.engine.support.hierarchical.HierarchicalTestExecutor.execute(HierarchicalTestExecutor.java:77)
	at org.junit.platform.engine.support.hierarchical.HierarchicalTestExecutor.execute(HierarchicalTestExecutor.java:51)
	at org.junit.platform.engine.support.hierarchical.HierarchicalTestEngine.execute(HierarchicalTestEngine.java:43)
	at org.junit.platform.launcher.core.DefaultLauncher.execute(DefaultLauncher.java:124)
	at org.junit.platform.launcher.core.DefaultLauncher.execute(DefaultLauncher.java:84)
	at org.junit.platform.runner.JUnitPlatform.run(JUnitPlatform.java:108)
	at org.apache.maven.surefire.junit4.JUnit4Provider.execute(JUnit4Provider.java:252)
	at org.apache.maven.surefire.junit4.JUnit4Provider.executeTestSet(JUnit4Provider.java:141)
	at org.apache.maven.surefire.junit4.JUnit4Provider.invoke(JUnit4Provider.java:112)
	at sun.reflect.NativeMethodAccessorImpl.invoke0(Native Method)
	at sun.reflect.NativeMethodAccessorImpl.invoke(NativeMethodAccessorImpl.java:62)
	at sun.reflect.DelegatingMethodAccessorImpl.invoke(DelegatingMethodAccessorImpl.java:43)
	at java.lang.reflect.Method.invoke(Method.java:498)
	at org.apache.maven.surefire.util.ReflectionUtils.invokeMethodWithArray(ReflectionUtils.java:189)
	at org.apache.maven.surefire.booter.ProviderFactory$ProviderProxy.invoke(ProviderFactory.java:165)
	at org.apache.maven.surefire.booter.ProviderFactory.invokeProvider(ProviderFactory.java:85)
	at org.apache.maven.surefire.booter.ForkedBooter.runSuitesInProcess(ForkedBooter.java:115)
	at org.apache.maven.surefire.booter.ForkedBooter.main(ForkedBooter.java:75)
</error>
  </testcase>
  <testcase classname="TestDummy" name="testWillBeSkipped()" time="0.001">
    <error message="Unresolved compilation problems: 
	The import com.microsoft cannot be resolved
	SQLServerStatementColumnEncryptionSetting cannot be resolved to a variable
	SQLServerStatementColumnEncryptionSetting cannot be resolved to a variable
	SQLServerStatementColumnEncryptionSetting cannot be resolved to a variable
	SQLServerStatementColumnEncryptionSetting cannot be resolved to a variable
	SQLServerStatementColumnEncryptionSetting cannot be resolved to a variable
	SQLServerStatementColumnEncryptionSetting cannot be resolved to a variable
	SQLServerStatementColumnEncryptionSetting cannot be resolved to a variable
	SQLServerStatementColumnEncryptionSetting cannot be resolved to a variable
" type="java.lang.Error">java.lang.Error: Unresolved compilation problems: 
	The import com.microsoft cannot be resolved
	SQLServerStatementColumnEncryptionSetting cannot be resolved to a variable
	SQLServerStatementColumnEncryptionSetting cannot be resolved to a variable
	SQLServerStatementColumnEncryptionSetting cannot be resolved to a variable
	SQLServerStatementColumnEncryptionSetting cannot be resolved to a variable
	SQLServerStatementColumnEncryptionSetting cannot be resolved to a variable
	SQLServerStatementColumnEncryptionSetting cannot be resolved to a variable
	SQLServerStatementColumnEncryptionSetting cannot be resolved to a variable
	SQLServerStatementColumnEncryptionSetting cannot be resolved to a variable

	at nss.buggyproject.TestDummy.&lt;init&gt;(TestDummy.java:21)
	at sun.reflect.NativeConstructorAccessorImpl.newInstance0(Native Method)
	at sun.reflect.NativeConstructorAccessorImpl.newInstance(NativeConstructorAccessorImpl.java:62)
	at sun.reflect.DelegatingConstructorAccessorImpl.newInstance(DelegatingConstructorAccessorImpl.java:45)
	at java.lang.reflect.Constructor.newInstance(Constructor.java:423)
	at org.junit.platform.commons.util.ReflectionUtils.newInstance(ReflectionUtils.java:226)
	at org.junit.jupiter.engine.execution.ExecutableInvoker.invoke(ExecutableInvoker.java:59)
	at org.junit.jupiter.engine.descriptor.ClassTestDescriptor.lambda$testInstanceProvider$0(ClassTestDescriptor.java:185)
	at org.junit.jupiter.engine.descriptor.MethodTestDescriptor.prepare(MethodTestDescriptor.java:120)
	at org.junit.jupiter.engine.descriptor.MethodTestDescriptor.prepare(MethodTestDescriptor.java:63)
	at org.junit.platform.engine.support.hierarchical.HierarchicalTestExecutor.execute(HierarchicalTestExecutor.java:59)
	at org.junit.platform.engine.support.hierarchical.HierarchicalTestExecutor.lambda$execute$0(HierarchicalTestExecutor.java:88)
	at org.junit.platform.engine.support.hierarchical.SingleTestExecutor.executeSafely(SingleTestExecutor.java:66)
	at org.junit.platform.engine.support.hierarchical.HierarchicalTestExecutor.execute(HierarchicalTestExecutor.java:77)
	at org.junit.platform.engine.support.hierarchical.HierarchicalTestExecutor.lambda$execute$0(HierarchicalTestExecutor.java:88)
	at org.junit.platform.engine.support.hierarchical.SingleTestExecutor.executeSafely(SingleTestExecutor.java:66)
	at org.junit.platform.engine.support.hierarchical.HierarchicalTestExecutor.execute(HierarchicalTestExecutor.java:77)
	at org.junit.platform.engine.support.hierarchical.HierarchicalTestExecutor.execute(HierarchicalTestExecutor.java:51)
	at org.junit.platform.engine.support.hierarchical.HierarchicalTestEngine.execute(HierarchicalTestEngine.java:43)
	at org.junit.platform.launcher.core.DefaultLauncher.execute(DefaultLauncher.java:124)
	at org.junit.platform.launcher.core.DefaultLauncher.execute(DefaultLauncher.java:84)
	at org.junit.platform.runner.JUnitPlatform.run(JUnitPlatform.java:108)
	at org.apache.maven.surefire.junit4.JUnit4Provider.execute(JUnit4Provider.java:252)
	at org.apache.maven.surefire.junit4.JUnit4Provider.executeTestSet(JUnit4Provider.java:141)
	at org.apache.maven.surefire.junit4.JUnit4Provider.invoke(JUnit4Provider.java:112)
	at sun.reflect.NativeMethodAccessorImpl.invoke0(Native Method)
	at sun.reflect.NativeMethodAccessorImpl.invoke(NativeMethodAccessorImpl.java:62)
	at sun.reflect.DelegatingMethodAccessorImpl.invoke(DelegatingMethodAccessorImpl.java:43)
	at java.lang.reflect.Method.invoke(Method.java:498)
	at org.apache.maven.surefire.util.ReflectionUtils.invokeMethodWithArray(ReflectionUtils.java:189)
	at org.apache.maven.surefire.booter.ProviderFactory$ProviderProxy.invoke(ProviderFactory.java:165)
	at org.apache.maven.surefire.booter.ProviderFactory.invokeProvider(ProviderFactory.java:85)
	at org.apache.maven.surefire.booter.ForkedBooter.runSuitesInProcess(ForkedBooter.java:115)
	at org.apache.maven.surefire.booter.ForkedBooter.main(ForkedBooter.java:75)
</error>
  </testcase>
  <testcase classname="JUnit Vintage" name="JUnit Vintage" time="0.002"/>
</testsuite>